\BOOKMARK [2][]{Outline0.1}{\376\377\000I\000n\000t\000r\000o\000d\000u\000c\000t\000i\000o\000n}{}% 1
\BOOKMARK [2][]{Outline0.2}{\376\377\000K\000e\000y\000\040\000P\000r\000o\000b\000l\000e\000m\000\040\000S\000e\000t\000u\000p}{}% 2
\BOOKMARK [2][]{Outline0.3}{\376\377\000O\000n\000l\000i\000n\000e\000\040\000O\000p\000t\000i\000m\000i\000z\000a\000t\000i\000o\000n\000\040\000P\000r\000o\000b\000l\000e\000m}{}% 3
\BOOKMARK [2][]{Outline0.4}{\376\377\000O\000f\000f\000l\000i\000n\000e\000\040\000O\000p\000t\000i\000m\000i\000z\000a\000t\000i\000o\000n\000\040\000P\000r\000o\000b\000l\000e\000m}{}% 4
\BOOKMARK [2][]{Outline0.5}{\376\377\000B\000a\000n\000d\000i\000t\000\040\000V\000e\000r\000s\000i\000o\000n\000\040\000o\000f\000\040\000t\000h\000e\000\040\000P\000r\000o\000b\000l\000e\000m}{}% 5
\BOOKMARK [2][]{Outline0.6}{\376\377\000A\000d\000v\000e\000r\000s\000a\000r\000i\000e\000s\000:\000\040\000O\000b\000l\000i\000v\000i\000o\000u\000s\000\040\000v\000s\000.\000\040\000A\000d\000a\000p\000t\000i\000v\000e}{}% 6
\BOOKMARK [2][]{Outline0.7}{\376\377\000R\000e\000g\000r\000e\000t\000\040\000i\000n\000\040\000t\000h\000e\000\040\000C\000o\000n\000t\000e\000x\000t\000\040\000o\000f\000\040\000O\000n\000l\000i\000n\000e\000\040\000O\000p\000t\000i\000m\000i\000z\000a\000t\000i\000o\000n}{}% 7
\BOOKMARK [2][]{Outline0.8}{\376\377\000K\000a\000l\000a\000i\000-\000V\000e\000m\000p\000a\000l\000a\000\040\000A\000l\000g\000o\000r\000i\000t\000h\000m}{}% 8
\BOOKMARK [2][]{Outline0.9}{\376\377\000A\000d\000a\000p\000t\000i\000v\000e\000\040\000A\000d\000v\000e\000r\000s\000a\000r\000y\000\040\000a\000n\000d\000\040\000B\000a\000n\000d\000i\000t\000\040\000S\000e\000t\000t\000i\000n\000g}{}% 9
\BOOKMARK [2][]{Outline0.10}{\376\377\000M\000a\000i\000n\000\040\000A\000l\000g\000o\000r\000i\000t\000h\000m\000:\000\040\000B\000G\000A}{}% 10
\BOOKMARK [2][]{Outline0.11}{\376\377\000B\000G\000A\000:\000\040\000P\000s\000e\000u\000d\000o\000c\000o\000d\000e\000\040\000O\000v\000e\000r\000v\000i\000e\000w}{}% 11
\BOOKMARK [2][]{Outline0.12}{\376\377\000T\000h\000e\000\040\000R\000o\000l\000e\000\040\000o\000f\000\040\000B\000a\000s\000i\000s\000\040\000\040\000B\000\040\000\040\000i\000n\000\040\000B\000G\000A}{}% 12
\BOOKMARK [2][]{Outline0.13}{\376\377\000E\000x\000p\000l\000o\000r\000a\000t\000i\000o\000n\000\040\000v\000s\000.\000\040\000E\000x\000p\000l\000o\000i\000t\000a\000t\000i\000o\000n}{}% 13
\BOOKMARK [2][]{Outline0.14}{\376\377\000E\000s\000t\000i\000m\000a\000t\000e\000\040\000U\000p\000d\000a\000t\000e\000\040\000a\000n\000d\000\040\000M\000a\000t\000r\000i\000x\000\040\000I\000n\000v\000e\000r\000s\000i\000o\000n}{}% 14
\BOOKMARK [2][]{Outline0.15}{\376\377\000M\000a\000t\000h\000e\000m\000a\000t\000i\000c\000a\000l\000\040\000S\000e\000t\000u\000p\000\040\000f\000o\000r\000\040\000A\000n\000a\000l\000y\000s\000i\000s}{}% 15
\BOOKMARK [2][]{Outline0.16}{\376\377\000B\000o\000u\000n\000d\000s\000\040\000o\000n\000\040\000R\000e\000g\000r\000e\000t}{}% 16
\BOOKMARK [2][]{Outline0.17}{\376\377\000H\000i\000g\000h\000\040\000P\000r\000o\000b\000a\000b\000i\000l\000i\000t\000y\000\040\000B\000o\000u\000n\000d\000s}{}% 17
\BOOKMARK [2][]{Outline0.18}{\376\377\000E\000x\000p\000l\000o\000r\000a\000t\000i\000o\000n\000\040\000o\000f\000\040\000B\000a\000s\000i\000s\000\040\000a\000n\000d\000\040\000E\000s\000t\000i\000m\000a\000t\000i\000o\000n}{}% 18
\BOOKMARK [2][]{Outline0.19}{\376\377\000P\000e\000r\000f\000o\000r\000m\000a\000n\000c\000e\000\040\000B\000o\000u\000n\000d\000:\000\040\000E\000x\000p\000e\000c\000t\000e\000d\000\040\000R\000e\000g\000r\000e\000t}{}% 19
\BOOKMARK [2][]{Outline0.20}{\376\377\000S\000u\000m\000m\000a\000r\000y\000\040\000o\000f\000\040\000T\000h\000e\000o\000r\000e\000t\000i\000c\000a\000l\000\040\000R\000e\000s\000u\000l\000t\000s}{}% 20
\BOOKMARK [2][]{Outline0.21}{\376\377\000C\000o\000n\000c\000l\000u\000s\000i\000o\000n\000s}{}% 21
\BOOKMARK [2][]{Outline0.22}{\376\377\000O\000p\000e\000n\000\040\000P\000r\000o\000b\000l\000e\000m\000s}{}% 22
\BOOKMARK [2][]{Outline0.23}{\376\377\000R\000e\000f\000e\000r\000e\000n\000c\000e\000s}{}% 23
\BOOKMARK [2][]{Outline0.24}{\376\377\000A\000c\000k\000n\000o\000w\000l\000e\000d\000g\000m\000e\000n\000t\000s}{}% 24
